<?xml version="1.0" encoding="UTF-8"?>
<testsuite name="com.example.aroundtheworld.AroundtheworldApplicationTests" tests="1" skipped="0" failures="0" errors="0" timestamp="2021-11-30T22:42:20" hostname="LAPTOP-F55ICNQ9" time="0.171">
  <properties/>
  <testcase name="contextLoads()" classname="com.example.aroundtheworld.AroundtheworldApplicationTests" time="0.171"/>
  <system-out><![CDATA[14:42:07.908 [Test worker] DEBUG org.springframework.test.context.BootstrapUtils - Instantiating CacheAwareContextLoaderDelegate from class [org.springframework.test.context.cache.DefaultCacheAwareContextLoaderDelegate]
14:42:07.975 [Test worker] DEBUG org.springframework.test.context.BootstrapUtils - Instantiating BootstrapContext using constructor [public org.springframework.test.context.support.DefaultBootstrapContext(java.lang.Class,org.springframework.test.context.CacheAwareContextLoaderDelegate)]
14:42:08.117 [Test worker] DEBUG org.springframework.test.context.BootstrapUtils - Instantiating TestContextBootstrapper for test class [com.example.aroundtheworld.AroundtheworldApplicationTests] from class [org.springframework.boot.test.context.SpringBootTestContextBootstrapper]
14:42:08.173 [Test worker] INFO org.springframework.boot.test.context.SpringBootTestContextBootstrapper - Neither @ContextConfiguration nor @ContextHierarchy found for test class [com.example.aroundtheworld.AroundtheworldApplicationTests], using SpringBootContextLoader
14:42:08.182 [Test worker] DEBUG org.springframework.test.context.support.AbstractContextLoader - Did not detect default resource location for test class [com.example.aroundtheworld.AroundtheworldApplicationTests]: class path resource [com/example/aroundtheworld/AroundtheworldApplicationTests-context.xml] does not exist
14:42:08.186 [Test worker] DEBUG org.springframework.test.context.support.AbstractContextLoader - Did not detect default resource location for test class [com.example.aroundtheworld.AroundtheworldApplicationTests]: class path resource [com/example/aroundtheworld/AroundtheworldApplicationTestsContext.groovy] does not exist
14:42:08.186 [Test worker] INFO org.springframework.test.context.support.AbstractContextLoader - Could not detect default resource locations for test class [com.example.aroundtheworld.AroundtheworldApplicationTests]: no resource found for suffixes {-context.xml, Context.groovy}.
14:42:08.219 [Test worker] INFO org.springframework.test.context.support.AnnotationConfigContextLoaderUtils - Could not detect default configuration classes for test class [com.example.aroundtheworld.AroundtheworldApplicationTests]: AroundtheworldApplicationTests does not declare any static, non-private, non-final, nested classes annotated with @Configuration.
14:42:08.498 [Test worker] DEBUG org.springframework.test.context.support.ActiveProfilesUtils - Could not find an 'annotation declaring class' for annotation type [org.springframework.test.context.ActiveProfiles] and class [com.example.aroundtheworld.AroundtheworldApplicationTests]
14:42:08.666 [Test worker] DEBUG org.springframework.context.annotation.ClassPathScanningCandidateComponentProvider - Identified candidate component class: file [C:\Users\annis\sjsu\21-22\fall-2021\CS 157A\CS157A-Team4\aroundtheworld\build\classes\java\main\com\example\aroundtheworld\AroundtheworldApplication.class]
14:42:08.718 [Test worker] INFO org.springframework.boot.test.context.SpringBootTestContextBootstrapper - Found @SpringBootConfiguration com.example.aroundtheworld.AroundtheworldApplication for test class com.example.aroundtheworld.AroundtheworldApplicationTests
14:42:08.978 [Test worker] DEBUG org.springframework.boot.test.context.SpringBootTestContextBootstrapper - @TestExecutionListeners is not present for class [com.example.aroundtheworld.AroundtheworldApplicationTests]: using defaults.
14:42:08.979 [Test worker] INFO org.springframework.boot.test.context.SpringBootTestContextBootstrapper - Loaded default TestExecutionListener class names from location [META-INF/spring.factories]: [org.springframework.security.test.context.support.WithSecurityContextTestExecutionListener, org.springframework.security.test.context.support.ReactorContextTestExecutionListener, org.springframework.boot.test.autoconfigure.restdocs.RestDocsTestExecutionListener, org.springframework.boot.test.autoconfigure.web.client.MockRestServiceServerResetTestExecutionListener, org.springframework.boot.test.autoconfigure.web.servlet.MockMvcPrintOnlyOnFailureTestExecutionListener, org.springframework.boot.test.autoconfigure.web.servlet.WebDriverTestExecutionListener, org.springframework.boot.test.autoconfigure.webservices.client.MockWebServiceServerTestExecutionListener, org.springframework.boot.test.mock.mockito.MockitoTestExecutionListener, org.springframework.boot.test.mock.mockito.ResetMocksTestExecutionListener, org.springframework.test.context.web.ServletTestExecutionListener, org.springframework.test.context.support.DirtiesContextBeforeModesTestExecutionListener, org.springframework.test.context.event.ApplicationEventsTestExecutionListener, org.springframework.test.context.support.DependencyInjectionTestExecutionListener, org.springframework.test.context.support.DirtiesContextTestExecutionListener, org.springframework.test.context.transaction.TransactionalTestExecutionListener, org.springframework.test.context.jdbc.SqlScriptsTestExecutionListener, org.springframework.test.context.event.EventPublishingTestExecutionListener]
14:42:09.032 [Test worker] INFO org.springframework.boot.test.context.SpringBootTestContextBootstrapper - Using TestExecutionListeners: [org.springframework.test.context.web.ServletTestExecutionListener@9d25b3e2, org.springframework.test.context.support.DirtiesContextBeforeModesTestExecutionListener@4af89502, org.springframework.test.context.event.ApplicationEventsTestExecutionListener@bf063e00, org.springframework.boot.test.mock.mockito.MockitoTestExecutionListener@63790a2f, org.springframework.boot.test.autoconfigure.SpringBootDependencyInjectionTestExecutionListener@2b1dfa1b, org.springframework.test.context.support.DirtiesContextTestExecutionListener@7ac234b0, org.springframework.test.context.transaction.TransactionalTestExecutionListener@cce19c5e, org.springframework.test.context.jdbc.SqlScriptsTestExecutionListener@c2011333, org.springframework.security.test.context.support.WithSecurityContextTestExecutionListener@b73c7c6d, org.springframework.test.context.event.EventPublishingTestExecutionListener@1b60cdf0, org.springframework.security.test.context.support.ReactorContextTestExecutionListener@50e50bfc, org.springframework.boot.test.autoconfigure.restdocs.RestDocsTestExecutionListener@a5ea2328, org.springframework.boot.test.autoconfigure.web.client.MockRestServiceServerResetTestExecutionListener@82c7a752, org.springframework.boot.test.autoconfigure.web.servlet.MockMvcPrintOnlyOnFailureTestExecutionListener@9cc8324d, org.springframework.boot.test.autoconfigure.web.servlet.WebDriverTestExecutionListener@fdb7e8b5, org.springframework.boot.test.autoconfigure.webservices.client.MockWebServiceServerTestExecutionListener@a6b7ad, org.springframework.boot.test.mock.mockito.ResetMocksTestExecutionListener@b9d3c5df]
14:42:09.047 [Test worker] DEBUG org.springframework.test.context.support.AbstractDirtiesContextTestExecutionListener - Before test class: context [DefaultTestContext@558d1fcf testClass = AroundtheworldApplicationTests, testInstance = [null], testMethod = [null], testException = [null], mergedContextConfiguration = [WebMergedContextConfiguration@1e3ce1bc testClass = AroundtheworldApplicationTests, locations = '{}', classes = '{class com.example.aroundtheworld.AroundtheworldApplication}', contextInitializerClasses = '[]', activeProfiles = '{}', propertySourceLocations = '{}', propertySourceProperties = '{org.springframework.boot.test.context.SpringBootTestContextBootstrapper=true}', contextCustomizers = set[org.springframework.boot.test.autoconfigure.actuate.metrics.MetricsExportContextCustomizerFactory$DisableMetricExportContextCustomizer@bcfe1c5a, org.springframework.boot.test.autoconfigure.properties.PropertyMappingContextCustomizer@0, org.springframework.boot.test.autoconfigure.web.servlet.WebDriverContextCustomizerFactory$Customizer@3f6358bd, org.springframework.boot.test.context.filter.ExcludeFilterContextCustomizer@884f2a8c, org.springframework.boot.test.json.DuplicateJsonObjectContextCustomizerFactory$DuplicateJsonObjectContextCustomizer@22ad794a, org.springframework.boot.test.mock.mockito.MockitoContextCustomizer@0, org.springframework.boot.test.web.client.TestRestTemplateContextCustomizer@dbf1a9a1, org.springframework.boot.test.context.SpringBootTestArgs@1, org.springframework.boot.test.context.SpringBootTestWebEnvironment@48865752], resourceBasePath = 'src/main/webapp', contextLoader = 'org.springframework.boot.test.context.SpringBootContextLoader', parent = [null]], attributes = map['org.springframework.test.context.web.ServletTestExecutionListener.activateListener' -> true]], class annotated with @DirtiesContext [false] with mode [null].
14:42:09.151 [Test worker] DEBUG org.springframework.test.context.support.TestPropertySourceUtils - Adding inlined properties to environment: {spring.jmx.enabled=false, org.springframework.boot.test.context.SpringBootTestContextBootstrapper=true}

  .   ____          _            __ _ _
 /\\ / ___'_ __ _ _(_)_ __  __ _ \ \ \ \
( ( )\___ | '_ | '_| | '_ \/ _` | \ \ \ \
 \\/  ___)| |_)| | | | | || (_| |  ) ) ) )
  '  |____| .__|_| |_|_| |_\__, | / / / /
 =========|_|==============|___/=/_/_/_/
 :: Spring Boot ::                (v2.4.2)

2021-11-30 14:42:09.983  INFO 11304 --- [    Test worker] c.e.a.AroundtheworldApplicationTests     : Starting AroundtheworldApplicationTests using Java 11.0.11 on LAPTOP-F55ICNQ9 with PID 11304 (started by annis in C:\Users\annis\sjsu\21-22\fall-2021\CS 157A\CS157A-Team4\aroundtheworld)
2021-11-30 14:42:09.994  INFO 11304 --- [    Test worker] c.e.a.AroundtheworldApplicationTests     : No active profile set, falling back to default profiles: default
2021-11-30 14:42:11.745  INFO 11304 --- [    Test worker] .s.d.r.c.RepositoryConfigurationDelegate : Bootstrapping Spring Data JPA repositories in DEFAULT mode.
2021-11-30 14:42:11.927  INFO 11304 --- [    Test worker] .s.d.r.c.RepositoryConfigurationDelegate : Finished Spring Data repository scanning in 142 ms. Found 1 JPA repository interfaces.
2021-11-30 14:42:14.752  INFO 11304 --- [    Test worker] o.hibernate.jpa.internal.util.LogHelper  : HHH000204: Processing PersistenceUnitInfo [name: default]
2021-11-30 14:42:14.932  INFO 11304 --- [    Test worker] org.hibernate.Version                    : HHH000412: Hibernate ORM core version 5.4.27.Final
2021-11-30 14:42:15.357  INFO 11304 --- [    Test worker] o.hibernate.annotations.common.Version   : HCANN000001: Hibernate Commons Annotations {5.1.2.Final}
2021-11-30 14:42:15.642  INFO 11304 --- [    Test worker] com.zaxxer.hikari.HikariDataSource       : HikariPool-1 - Starting...
2021-11-30 14:42:16.212  INFO 11304 --- [    Test worker] com.zaxxer.hikari.HikariDataSource       : HikariPool-1 - Start completed.
2021-11-30 14:42:16.321  INFO 11304 --- [    Test worker] org.hibernate.dialect.Dialect            : HHH000400: Using dialect: org.hibernate.dialect.MySQL8Dialect
2021-11-30 14:42:18.042  INFO 11304 --- [    Test worker] o.h.e.t.j.p.i.JtaPlatformInitiator       : HHH000490: Using JtaPlatform implementation: [org.hibernate.engine.transaction.jta.platform.internal.NoJtaPlatform]
2021-11-30 14:42:18.062  INFO 11304 --- [    Test worker] j.LocalContainerEntityManagerFactoryBean : Initialized JPA EntityManagerFactory for persistence unit 'default'
2021-11-30 14:42:18.195  WARN 11304 --- [    Test worker] JpaBaseConfiguration$JpaWebConfiguration : spring.jpa.open-in-view is enabled by default. Therefore, database queries may be performed during view rendering. Explicitly configure spring.jpa.open-in-view to disable this warning
2021-11-30 14:42:19.194  INFO 11304 --- [    Test worker] o.s.s.web.DefaultSecurityFilterChain     : Will secure any request with [org.springframework.security.web.context.request.async.WebAsyncManagerIntegrationFilter@98386945, org.springframework.security.web.context.SecurityContextPersistenceFilter@67aa8dbd, org.springframework.security.web.header.HeaderWriterFilter@98b8be51, org.springframework.security.web.csrf.CsrfFilter@6f6a7b43, org.springframework.security.web.authentication.logout.LogoutFilter@19eed2d7, org.springframework.security.web.authentication.UsernamePasswordAuthenticationFilter@4721b5dc, org.springframework.security.web.savedrequest.RequestCacheAwareFilter@d2fff350, org.springframework.security.web.servletapi.SecurityContextHolderAwareRequestFilter@38255d2d, org.springframework.security.web.authentication.AnonymousAuthenticationFilter@98b00fe7, org.springframework.security.web.session.SessionManagementFilter@1dc9bf6, org.springframework.security.web.access.ExceptionTranslationFilter@45a9aaaa, org.springframework.security.web.access.intercept.FilterSecurityInterceptor@c8011809]
2021-11-30 14:42:19.876  INFO 11304 --- [    Test worker] o.s.s.concurrent.ThreadPoolTaskExecutor  : Initializing ExecutorService 'applicationTaskExecutor'
2021-11-30 14:42:20.043  INFO 11304 --- [    Test worker] o.s.b.a.w.s.WelcomePageHandlerMapping    : Adding welcome page template: index
2021-11-30 14:42:20.552  INFO 11304 --- [    Test worker] c.e.a.AroundtheworldApplicationTests     : Started AroundtheworldApplicationTests in 11.384 seconds (JVM running for 15.768)
]]></system-out>
  <system-err><![CDATA[]]></system-err>
</testsuite>
